Coverage Report by instance with details

=================================================================================
=== Instance: /tb
=== Design Unit: work.tb
=================================================================================

Directive Coverage:
    Directives                       1         0         1     0.00%

DIRECTIVE COVERAGE:
--------------------------------------------------------------------------------------------
Name                                     Design Design   Lang File(Line)      Hits Status    
                                         Unit   UnitType                                     
--------------------------------------------------------------------------------------------
/tb/cover__cvr_rst                       tb     Verilog  SVA  tb.sv(54)          0 ZERO      

=================================================================================
=== Instance: /tb_sv_unit
=== Design Unit: work.tb_sv_unit
=================================================================================

Covergroup Coverage:
    Covergroups                      4        na        na    89.06%
        Coverpoints/Crosses          8        na        na        na
            Covergroup Bins         42        31        11    73.80%
----------------------------------------------------------------------------------------------------------
Covergroup                                             Metric       Goal       Bins    Status               
                                                                                                         
----------------------------------------------------------------------------------------------------------
 TYPE /tb_sv_unit/cg_ss                                81.25%        100          -    Uncovered            
    covered/total bins:                                    15         24          -                      
    missing/total bins:                                     9         24          -                      
    % Hit:                                             62.50%        100          -                      
    Coverpoint cp_ns                                  100.00%        100          -    Covered              
        covered/total bins:                                 4          4          -                      
        missing/total bins:                                 0          4          -                      
        % Hit:                                        100.00%        100          -                      
    Coverpoint cp_ps                                  100.00%        100          -    Covered              
        covered/total bins:                                 4          4          -                      
        missing/total bins:                                 0          4          -                      
        % Hit:                                        100.00%        100          -                      
    Cross cp_both                                      43.75%        100          -    Uncovered            
        covered/total bins:                                 7         16          -                      
        missing/total bins:                                 9         16          -                      
        % Hit:                                         43.75%        100          -                      
 Covergroup instance \/tb/cgss                         81.25%        100          -    Uncovered            
    covered/total bins:                                    15         24          -                      
    missing/total bins:                                     9         24          -                      
    % Hit:                                             62.50%        100          -                      
    Coverpoint cp_ns                                  100.00%        100          -    Covered              
        covered/total bins:                                 4          4          -                      
        missing/total bins:                                 0          4          -                      
        % Hit:                                        100.00%        100          -                      
        bin auto[TEST]                                  29367          1          -    Covered              
        bin auto[SWAP]                                    143          1          -    Covered              
        bin auto[SUBT]                                  29297          1          -    Covered              
        bin auto[DONE]                                    214          1          -    Covered              
    Coverpoint cp_ps                                  100.00%        100          -    Covered              
        covered/total bins:                                 4          4          -                      
        missing/total bins:                                 0          4          -                      
        % Hit:                                        100.00%        100          -                      
        bin auto[TEST]                                  29367          1          -    Covered              
        bin auto[SWAP]                                    143          1          -    Covered              
        bin auto[SUBT]                                  29297          1          -    Covered              
        bin auto[DONE]                                    214          1          -    Covered              
    Cross cp_both                                      43.75%        100          -    Uncovered            
        covered/total bins:                                 7         16          -                      
        missing/total bins:                                 9         16          -                      
        % Hit:                                         43.75%        100          -                      
        Auto, Default and User Defined Bins:
            bin <auto[DONE],auto[DONE]>                   144          1          -    Covered              
            bin <auto[TEST],auto[DONE]>                    70          1          -    Covered              
            bin <auto[TEST],auto[SUBT]>                 29297          1          -    Covered              
            bin <auto[SUBT],auto[SWAP]>                   143          1          -    Covered              
            bin <auto[DONE],auto[TEST]>                    70          1          -    Covered              
            bin <auto[SUBT],auto[TEST]>                 29154          1          -    Covered              
            bin <auto[SWAP],auto[TEST]>                   143          1          -    Covered              
            bin <auto[SUBT],auto[DONE]>                     0          1          1    ZERO                 
            bin <auto[SWAP],auto[DONE]>                     0          1          1    ZERO                 
            bin <auto[DONE],auto[SUBT]>                     0          1          1    ZERO                 
            bin <auto[SUBT],auto[SUBT]>                     0          1          1    ZERO                 
            bin <auto[SWAP],auto[SUBT]>                     0          1          1    ZERO                 
            bin <auto[DONE],auto[SWAP]>                     0          1          1    ZERO                 
            bin <auto[SWAP],auto[SWAP]>                     0          1          1    ZERO                 
            bin <auto[TEST],auto[SWAP]>                     0          1          1    ZERO                 
            bin <auto[TEST],auto[TEST]>                     0          1          1    ZERO                 
 TYPE /tb_sv_unit/cg_out                               83.33%        100          -    Uncovered            
    covered/total bins:                                     5          6          -                      
    missing/total bins:                                     1          6          -                      
    % Hit:                                             83.33%        100          -                      
    Coverpoint cp_out                                  83.33%        100          -    Uncovered            
        covered/total bins:                                 5          6          -                      
        missing/total bins:                                 1          6          -                      
        % Hit:                                         83.33%        100          -                      
 Covergroup instance \/tb/cgout                        83.33%        100          -    Uncovered            
    covered/total bins:                                     5          6          -                      
    missing/total bins:                                     1          6          -                      
    % Hit:                                             83.33%        100          -                      
    Coverpoint cp_out                                  83.33%        100          -    Uncovered            
        covered/total bins:                                 5          6          -                      
        missing/total bins:                                 1          6          -                      
        % Hit:                                         83.33%        100          -                      
        bin outbins1                                     1818          1          -    Covered              
        bin outbins2                                     1150          1          -    Covered              
        bin outbins3                                     1904          1          -    Covered              
        bin outbins4                                      449          1          -    Covered              
        bin outbins5                                      850          1          -    Covered              
        bin outbins6                                        0          1          -    ZERO                 
 TYPE /tb_sv_unit/cg_fsmtrans                         100.00%        100          -    Covered              
    covered/total bins:                                     4          4          -                      
    missing/total bins:                                     0          4          -                      
    % Hit:                                            100.00%        100          -                      
    Coverpoint cp_ps                                  100.00%        100          -    Covered              
        covered/total bins:                                 4          4          -                      
        missing/total bins:                                 0          4          -                      
        % Hit:                                        100.00%        100          -                      
 Covergroup instance \/tb/cgfsm                       100.00%        100          -    Covered              
    covered/total bins:                                     4          4          -                      
    missing/total bins:                                     0          4          -                      
    % Hit:                                            100.00%        100          -                      
    Coverpoint cp_ps                                  100.00%        100          -    Covered              
        covered/total bins:                                 4          4          -                      
        missing/total bins:                                 0          4          -                      
        % Hit:                                        100.00%        100          -                      
        illegal_bin bad_trans                               0                     -    ZERO                 
        bin auto[TEST]                                  29367          1          -    Covered              
        bin auto[SWAP]                                    143          1          -    Covered              
        bin auto[SUBT]                                  29297          1          -    Covered              
        bin auto[DONE]                                    214          1          -    Covered              
 TYPE /tb_sv_unit/cg_reg                               91.66%        100          -    Uncovered            
    covered/total bins:                                     7          8          -                      
    missing/total bins:                                     1          8          -                      
    % Hit:                                             87.50%        100          -                      
    Coverpoint cp_swap                                100.00%        100          -    Covered              
        covered/total bins:                                 2          2          -                      
        missing/total bins:                                 0          2          -                      
        % Hit:                                        100.00%        100          -                      
    Coverpoint cp_sub                                 100.00%        100          -    Covered              
        covered/total bins:                                 2          2          -                      
        missing/total bins:                                 0          2          -                      
        % Hit:                                        100.00%        100          -                      
    Cross cp_both                                      75.00%        100          -    Uncovered            
        covered/total bins:                                 3          4          -                      
        missing/total bins:                                 1          4          -                      
        % Hit:                                         75.00%        100          -                      
 Covergroup instance \/tb/cgreg                        91.66%        100          -    Uncovered            
    covered/total bins:                                     7          8          -                      
    missing/total bins:                                     1          8          -                      
    % Hit:                                             87.50%        100          -                      
    Coverpoint cp_swap                                100.00%        100          -    Covered              
        covered/total bins:                                 2          2          -                      
        missing/total bins:                                 0          2          -                      
        % Hit:                                        100.00%        100          -                      
        bin auto[0]                                     58878          1          -    Covered              
        bin auto[1]                                       143          1          -    Covered              
    Coverpoint cp_sub                                 100.00%        100          -    Covered              
        covered/total bins:                                 2          2          -                      
        missing/total bins:                                 0          2          -                      
        % Hit:                                        100.00%        100          -                      
        bin auto[0]                                     29724          1          -    Covered              
        bin auto[1]                                     29297          1          -    Covered              
    Cross cp_both                                      75.00%        100          -    Uncovered            
        covered/total bins:                                 3          4          -                      
        missing/total bins:                                 1          4          -                      
        % Hit:                                         75.00%        100          -                      
        Auto, Default and User Defined Bins:
            bin <auto[0],auto[1]>                       29297          1          -    Covered              
            bin <auto[1],auto[0]>                         143          1          -    Covered              
            bin <auto[0],auto[0]>                       29581          1          -    Covered              
            bin <auto[1],auto[1]>                           0          1          1    ZERO                 

COVERGROUP COVERAGE:
----------------------------------------------------------------------------------------------------------
Covergroup                                             Metric       Goal       Bins    Status               
                                                                                                         
----------------------------------------------------------------------------------------------------------
 TYPE /tb_sv_unit/cg_ss                                81.25%        100          -    Uncovered            
    covered/total bins:                                    15         24          -                      
    missing/total bins:                                     9         24          -                      
    % Hit:                                             62.50%        100          -                      
    Coverpoint cp_ns                                  100.00%        100          -    Covered              
        covered/total bins:                                 4          4          -                      
        missing/total bins:                                 0          4          -                      
        % Hit:                                        100.00%        100          -                      
    Coverpoint cp_ps                                  100.00%        100          -    Covered              
        covered/total bins:                                 4          4          -                      
        missing/total bins:                                 0          4          -                      
        % Hit:                                        100.00%        100          -                      
    Cross cp_both                                      43.75%        100          -    Uncovered            
        covered/total bins:                                 7         16          -                      
        missing/total bins:                                 9         16          -                      
        % Hit:                                         43.75%        100          -                      
 Covergroup instance \/tb/cgss                         81.25%        100          -    Uncovered            
    covered/total bins:                                    15         24          -                      
    missing/total bins:                                     9         24          -                      
    % Hit:                                             62.50%        100          -                      
    Coverpoint cp_ns                                  100.00%        100          -    Covered              
        covered/total bins:                                 4          4          -                      
        missing/total bins:                                 0          4          -                      
        % Hit:                                        100.00%        100          -                      
        bin auto[TEST]                                  29367          1          -    Covered              
        bin auto[SWAP]                                    143          1          -    Covered              
        bin auto[SUBT]                                  29297          1          -    Covered              
        bin auto[DONE]                                    214          1          -    Covered              
    Coverpoint cp_ps                                  100.00%        100          -    Covered              
        covered/total bins:                                 4          4          -                      
        missing/total bins:                                 0          4          -                      
        % Hit:                                        100.00%        100          -                      
        bin auto[TEST]                                  29367          1          -    Covered              
        bin auto[SWAP]                                    143          1          -    Covered              
        bin auto[SUBT]                                  29297          1          -    Covered              
        bin auto[DONE]                                    214          1          -    Covered              
    Cross cp_both                                      43.75%        100          -    Uncovered            
        covered/total bins:                                 7         16          -                      
        missing/total bins:                                 9         16          -                      
        % Hit:                                         43.75%        100          -                      
        Auto, Default and User Defined Bins:
            bin <auto[DONE],auto[DONE]>                   144          1          -    Covered              
            bin <auto[TEST],auto[DONE]>                    70          1          -    Covered              
            bin <auto[TEST],auto[SUBT]>                 29297          1          -    Covered              
            bin <auto[SUBT],auto[SWAP]>                   143          1          -    Covered              
            bin <auto[DONE],auto[TEST]>                    70          1          -    Covered              
            bin <auto[SUBT],auto[TEST]>                 29154          1          -    Covered              
            bin <auto[SWAP],auto[TEST]>                   143          1          -    Covered              
            bin <auto[SUBT],auto[DONE]>                     0          1          1    ZERO                 
            bin <auto[SWAP],auto[DONE]>                     0          1          1    ZERO                 
            bin <auto[DONE],auto[SUBT]>                     0          1          1    ZERO                 
            bin <auto[SUBT],auto[SUBT]>                     0          1          1    ZERO                 
            bin <auto[SWAP],auto[SUBT]>                     0          1          1    ZERO                 
            bin <auto[DONE],auto[SWAP]>                     0          1          1    ZERO                 
            bin <auto[SWAP],auto[SWAP]>                     0          1          1    ZERO                 
            bin <auto[TEST],auto[SWAP]>                     0          1          1    ZERO                 
            bin <auto[TEST],auto[TEST]>                     0          1          1    ZERO                 
 TYPE /tb_sv_unit/cg_out                               83.33%        100          -    Uncovered            
    covered/total bins:                                     5          6          -                      
    missing/total bins:                                     1          6          -                      
    % Hit:                                             83.33%        100          -                      
    Coverpoint cp_out                                  83.33%        100          -    Uncovered            
        covered/total bins:                                 5          6          -                      
        missing/total bins:                                 1          6          -                      
        % Hit:                                         83.33%        100          -                      
 Covergroup instance \/tb/cgout                        83.33%        100          -    Uncovered            
    covered/total bins:                                     5          6          -                      
    missing/total bins:                                     1          6          -                      
    % Hit:                                             83.33%        100          -                      
    Coverpoint cp_out                                  83.33%        100          -    Uncovered            
        covered/total bins:                                 5          6          -                      
        missing/total bins:                                 1          6          -                      
        % Hit:                                         83.33%        100          -                      
        bin outbins1                                     1818          1          -    Covered              
        bin outbins2                                     1150          1          -    Covered              
        bin outbins3                                     1904          1          -    Covered              
        bin outbins4                                      449          1          -    Covered              
        bin outbins5                                      850          1          -    Covered              
        bin outbins6                                        0          1          -    ZERO                 
 TYPE /tb_sv_unit/cg_fsmtrans                         100.00%        100          -    Covered              
    covered/total bins:                                     4          4          -                      
    missing/total bins:                                     0          4          -                      
    % Hit:                                            100.00%        100          -                      
    Coverpoint cp_ps                                  100.00%        100          -    Covered              
        covered/total bins:                                 4          4          -                      
        missing/total bins:                                 0          4          -                      
        % Hit:                                        100.00%        100          -                      
 Covergroup instance \/tb/cgfsm                       100.00%        100          -    Covered              
    covered/total bins:                                     4          4          -                      
    missing/total bins:                                     0          4          -                      
    % Hit:                                            100.00%        100          -                      
    Coverpoint cp_ps                                  100.00%        100          -    Covered              
        covered/total bins:                                 4          4          -                      
        missing/total bins:                                 0          4          -                      
        % Hit:                                        100.00%        100          -                      
        illegal_bin bad_trans                               0                     -    ZERO                 
        bin auto[TEST]                                  29367          1          -    Covered              
        bin auto[SWAP]                                    143          1          -    Covered              
        bin auto[SUBT]                                  29297          1          -    Covered              
        bin auto[DONE]                                    214          1          -    Covered              
 TYPE /tb_sv_unit/cg_reg                               91.66%        100          -    Uncovered            
    covered/total bins:                                     7          8          -                      
    missing/total bins:                                     1          8          -                      
    % Hit:                                             87.50%        100          -                      
    Coverpoint cp_swap                                100.00%        100          -    Covered              
        covered/total bins:                                 2          2          -                      
        missing/total bins:                                 0          2          -                      
        % Hit:                                        100.00%        100          -                      
    Coverpoint cp_sub                                 100.00%        100          -    Covered              
        covered/total bins:                                 2          2          -                      
        missing/total bins:                                 0          2          -                      
        % Hit:                                        100.00%        100          -                      
    Cross cp_both                                      75.00%        100          -    Uncovered            
        covered/total bins:                                 3          4          -                      
        missing/total bins:                                 1          4          -                      
        % Hit:                                         75.00%        100          -                      
 Covergroup instance \/tb/cgreg                        91.66%        100          -    Uncovered            
    covered/total bins:                                     7          8          -                      
    missing/total bins:                                     1          8          -                      
    % Hit:                                             87.50%        100          -                      
    Coverpoint cp_swap                                100.00%        100          -    Covered              
        covered/total bins:                                 2          2          -                      
        missing/total bins:                                 0          2          -                      
        % Hit:                                        100.00%        100          -                      
        bin auto[0]                                     58878          1          -    Covered              
        bin auto[1]                                       143          1          -    Covered              
    Coverpoint cp_sub                                 100.00%        100          -    Covered              
        covered/total bins:                                 2          2          -                      
        missing/total bins:                                 0          2          -                      
        % Hit:                                        100.00%        100          -                      
        bin auto[0]                                     29724          1          -    Covered              
        bin auto[1]                                     29297          1          -    Covered              
    Cross cp_both                                      75.00%        100          -    Uncovered            
        covered/total bins:                                 3          4          -                      
        missing/total bins:                                 1          4          -                      
        % Hit:                                         75.00%        100          -                      
        Auto, Default and User Defined Bins:
            bin <auto[0],auto[1]>                       29297          1          -    Covered              
            bin <auto[1],auto[0]>                         143          1          -    Covered              
            bin <auto[0],auto[0]>                       29581          1          -    Covered              
            bin <auto[1],auto[1]>                           0          1          1    ZERO                 

TOTAL COVERGROUP COVERAGE: 89.06%  COVERGROUP TYPES: 4

DIRECTIVE COVERAGE:
--------------------------------------------------------------------------------------------
Name                                     Design Design   Lang File(Line)      Hits Status    
                                         Unit   UnitType                                     
--------------------------------------------------------------------------------------------
/tb/cover__cvr_rst                       tb     Verilog  SVA  tb.sv(54)          0 ZERO      

TOTAL DIRECTIVE COVERAGE: 0.00%  COVERS: 1

Total Coverage By Instance (filtered view): 44.53%

